c:\users\ryoum\onedrive\デスクトップ\hal\at12_2年生フォルダ\後期授業\cl23\visualstdio\hewproject\project1\pixelshader.h
c:\users\ryoum\onedrive\デスクトップ\hal\at12_2年生フォルダ\後期授業\cl23\visualstdio\hewproject\x64\debug\pixelshader.cso
c:\users\ryoum\onedrive\デスクトップ\hal\at12_2年生フォルダ\後期授業\cl23\visualstdio\hewproject\project1\vertexshader.h
c:\users\ryoum\onedrive\デスクトップ\hal\at12_2年生フォルダ\後期授業\cl23\visualstdio\hewproject\x64\debug\vertexshader.cso
c:\users\ryoum\onedrive\デスクトップ\hal\at12_2年生フォルダ\後期授業\cl23\visualstdio\hewproject\project1\x64\debug\canimation.obj
c:\users\ryoum\onedrive\デスクトップ\hal\at12_2年生フォルダ\後期授業\cl23\visualstdio\hewproject\project1\x64\debug\cbackground.obj
c:\users\ryoum\onedrive\デスクトップ\hal\at12_2年生フォルダ\後期授業\cl23\visualstdio\hewproject\project1\x64\debug\ccircle.obj
c:\users\ryoum\onedrive\デスクトップ\hal\at12_2年生フォルダ\後期授業\cl23\visualstdio\hewproject\project1\x64\debug\ccollider.obj
c:\users\ryoum\onedrive\デスクトップ\hal\at12_2年生フォルダ\後期授業\cl23\visualstdio\hewproject\project1\x64\debug\cdirectx.obj
c:\users\ryoum\onedrive\デスクトップ\hal\at12_2年生フォルダ\後期授業\cl23\visualstdio\hewproject\project1\x64\debug\cdrawmanager.obj
c:\users\ryoum\onedrive\デスクトップ\hal\at12_2年生フォルダ\後期授業\cl23\visualstdio\hewproject\project1\x64\debug\cfloat3.obj
c:\users\ryoum\onedrive\デスクトップ\hal\at12_2年生フォルダ\後期授業\cl23\visualstdio\hewproject\project1\x64\debug\cfloor.obj
c:\users\ryoum\onedrive\デスクトップ\hal\at12_2年生フォルダ\後期授業\cl23\visualstdio\hewproject\project1\x64\debug\cgame.obj
c:\users\ryoum\onedrive\デスクトップ\hal\at12_2年生フォルダ\後期授業\cl23\visualstdio\hewproject\project1\x64\debug\cgameobject.obj
c:\users\ryoum\onedrive\デスクトップ\hal\at12_2年生フォルダ\後期授業\cl23\visualstdio\hewproject\project1\x64\debug\cgoal.obj
c:\users\ryoum\onedrive\デスクトップ\hal\at12_2年生フォルダ\後期授業\cl23\visualstdio\hewproject\project1\x64\debug\cinput.obj
c:\users\ryoum\onedrive\デスクトップ\hal\at12_2年生フォルダ\後期授業\cl23\visualstdio\hewproject\project1\x64\debug\collision.obj
c:\users\ryoum\onedrive\デスクトップ\hal\at12_2年生フォルダ\後期授業\cl23\visualstdio\hewproject\project1\x64\debug\cpiece.obj
c:\users\ryoum\onedrive\デスクトップ\hal\at12_2年生フォルダ\後期授業\cl23\visualstdio\hewproject\project1\x64\debug\cplayer.obj
c:\users\ryoum\onedrive\デスクトップ\hal\at12_2年生フォルダ\後期授業\cl23\visualstdio\hewproject\project1\x64\debug\cscene.obj
c:\users\ryoum\onedrive\デスクトップ\hal\at12_2年生フォルダ\後期授業\cl23\visualstdio\hewproject\project1\x64\debug\cselectscene.obj
c:\users\ryoum\onedrive\デスクトップ\hal\at12_2年生フォルダ\後期授業\cl23\visualstdio\hewproject\project1\x64\debug\csoundmanager.obj
c:\users\ryoum\onedrive\デスクトップ\hal\at12_2年生フォルダ\後期授業\cl23\visualstdio\hewproject\project1\x64\debug\csquea.obj
c:\users\ryoum\onedrive\デスクトップ\hal\at12_2年生フォルダ\後期授業\cl23\visualstdio\hewproject\project1\x64\debug\ctitlescene.obj
c:\users\ryoum\onedrive\デスクトップ\hal\at12_2年生フォルダ\後期授業\cl23\visualstdio\hewproject\project1\x64\debug\cui.obj
c:\users\ryoum\onedrive\デスクトップ\hal\at12_2年生フォルダ\後期授業\cl23\visualstdio\hewproject\project1\x64\debug\cwindow.obj
c:\users\ryoum\onedrive\デスクトップ\hal\at12_2年生フォルダ\後期授業\cl23\visualstdio\hewproject\project1\x64\debug\cwoodbox.obj
c:\users\ryoum\onedrive\デスクトップ\hal\at12_2年生フォルダ\後期授業\cl23\visualstdio\hewproject\project1\x64\debug\main.obj
c:\users\ryoum\onedrive\デスクトップ\hal\at12_2年生フォルダ\後期授業\cl23\visualstdio\hewproject\project1\x64\debug\stage1.obj
c:\users\ryoum\onedrive\デスクトップ\hal\at12_2年生フォルダ\後期授業\cl23\visualstdio\hewproject\project1\x64\debug\stage2.obj
c:\users\ryoum\onedrive\デスクトップ\hal\at12_2年生フォルダ\後期授業\cl23\visualstdio\hewproject\project1\x64\debug\wictextureloader.obj
c:\users\ryoum\onedrive\デスクトップ\hal\at12_2年生フォルダ\後期授業\cl23\visualstdio\hewproject\project1\x64\debug\vc143.idb
c:\users\ryoum\onedrive\デスクトップ\hal\at12_2年生フォルダ\後期授業\cl23\visualstdio\hewproject\project1\x64\debug\vc143.pdb
c:\users\ryoum\onedrive\デスクトップ\hal\at12_2年生フォルダ\後期授業\cl23\visualstdio\hewproject\project1\x64\debug\project1.tlog\cl.command.1.tlog
c:\users\ryoum\onedrive\デスクトップ\hal\at12_2年生フォルダ\後期授業\cl23\visualstdio\hewproject\project1\x64\debug\project1.tlog\fxc.command.1.tlog
c:\users\ryoum\onedrive\デスクトップ\hal\at12_2年生フォルダ\後期授業\cl23\visualstdio\hewproject\project1\x64\debug\project1.tlog\fxc.read.1.tlog
c:\users\ryoum\onedrive\デスクトップ\hal\at12_2年生フォルダ\後期授業\cl23\visualstdio\hewproject\project1\x64\debug\project1.tlog\fxc.write.1.tlog
