c:\users\ryoum\onedrive\デスクトップ\hal\at12_2年生フォルダ\後期授業\cl23\visualstdio\hewproject\project1\x64\release\vc143.pdb
c:\users\ryoum\onedrive\デスクトップ\hal\at12_2年生フォルダ\後期授業\cl23\visualstdio\hewproject\project1\x64\release\csquea.obj
c:\users\ryoum\onedrive\デスクトップ\hal\at12_2年生フォルダ\後期授業\cl23\visualstdio\hewproject\project1\x64\release\csoundmanager.obj
c:\users\ryoum\onedrive\デスクトップ\hal\at12_2年生フォルダ\後期授業\cl23\visualstdio\hewproject\project1\x64\release\cselectscene.obj
c:\users\ryoum\onedrive\デスクトップ\hal\at12_2年生フォルダ\後期授業\cl23\visualstdio\hewproject\project1\x64\release\cscenemanager.obj
c:\users\ryoum\onedrive\デスクトップ\hal\at12_2年生フォルダ\後期授業\cl23\visualstdio\hewproject\project1\x64\release\cscene.obj
c:\users\ryoum\onedrive\デスクトップ\hal\at12_2年生フォルダ\後期授業\cl23\visualstdio\hewproject\project1\x64\release\cplayer.obj
c:\users\ryoum\onedrive\デスクトップ\hal\at12_2年生フォルダ\後期授業\cl23\visualstdio\hewproject\project1\x64\release\cpiece.obj
c:\users\ryoum\onedrive\デスクトップ\hal\at12_2年生フォルダ\後期授業\cl23\visualstdio\hewproject\project1\x64\release\collision.obj
c:\users\ryoum\onedrive\デスクトップ\hal\at12_2年生フォルダ\後期授業\cl23\visualstdio\hewproject\project1\x64\release\cinput.obj
c:\users\ryoum\onedrive\デスクトップ\hal\at12_2年生フォルダ\後期授業\cl23\visualstdio\hewproject\project1\x64\release\cgoal.obj
c:\users\ryoum\onedrive\デスクトップ\hal\at12_2年生フォルダ\後期授業\cl23\visualstdio\hewproject\project1\x64\release\cgameobject.obj
c:\users\ryoum\onedrive\デスクトップ\hal\at12_2年生フォルダ\後期授業\cl23\visualstdio\hewproject\project1\x64\release\cgame.obj
c:\users\ryoum\onedrive\デスクトップ\hal\at12_2年生フォルダ\後期授業\cl23\visualstdio\hewproject\project1\x64\release\cfloor.obj
c:\users\ryoum\onedrive\デスクトップ\hal\at12_2年生フォルダ\後期授業\cl23\visualstdio\hewproject\project1\x64\release\cfloat3.obj
c:\users\ryoum\onedrive\デスクトップ\hal\at12_2年生フォルダ\後期授業\cl23\visualstdio\hewproject\project1\x64\release\cdrawmanager.obj
c:\users\ryoum\onedrive\デスクトップ\hal\at12_2年生フォルダ\後期授業\cl23\visualstdio\hewproject\project1\x64\release\cdirectx.obj
c:\users\ryoum\onedrive\デスクトップ\hal\at12_2年生フォルダ\後期授業\cl23\visualstdio\hewproject\project1\x64\release\ccollider.obj
c:\users\ryoum\onedrive\デスクトップ\hal\at12_2年生フォルダ\後期授業\cl23\visualstdio\hewproject\project1\x64\release\ccircle.obj
c:\users\ryoum\onedrive\デスクトップ\hal\at12_2年生フォルダ\後期授業\cl23\visualstdio\hewproject\project1\x64\release\cbackground.obj
c:\users\ryoum\onedrive\デスクトップ\hal\at12_2年生フォルダ\後期授業\cl23\visualstdio\hewproject\project1\x64\release\canimation.obj
c:\users\ryoum\onedrive\デスクトップ\hal\at12_2年生フォルダ\後期授業\cl23\visualstdio\hewproject\project1\x64\release\wictextureloader.obj
c:\users\ryoum\onedrive\デスクトップ\hal\at12_2年生フォルダ\後期授業\cl23\visualstdio\hewproject\project1\x64\release\stage1.obj
c:\users\ryoum\onedrive\デスクトップ\hal\at12_2年生フォルダ\後期授業\cl23\visualstdio\hewproject\project1\x64\release\main.obj
c:\users\ryoum\onedrive\デスクトップ\hal\at12_2年生フォルダ\後期授業\cl23\visualstdio\hewproject\project1\x64\release\cwoodbox.obj
c:\users\ryoum\onedrive\デスクトップ\hal\at12_2年生フォルダ\後期授業\cl23\visualstdio\hewproject\project1\x64\release\cwindow.obj
c:\users\ryoum\onedrive\デスクトップ\hal\at12_2年生フォルダ\後期授業\cl23\visualstdio\hewproject\project1\x64\release\cui.obj
c:\users\ryoum\onedrive\デスクトップ\hal\at12_2年生フォルダ\後期授業\cl23\visualstdio\hewproject\project1\x64\release\ctitlescene.obj
c:\users\ryoum\onedrive\デスクトップ\hal\at12_2年生フォルダ\後期授業\cl23\visualstdio\hewproject\project1\x64\release\stage4.obj
c:\users\ryoum\onedrive\デスクトップ\hal\at12_2年生フォルダ\後期授業\cl23\visualstdio\hewproject\project1\x64\release\stage3.obj
c:\users\ryoum\onedrive\デスクトップ\hal\at12_2年生フォルダ\後期授業\cl23\visualstdio\hewproject\project1\x64\release\stage2.obj
c:\users\ryoum\onedrive\デスクトップ\hal\at12_2年生フォルダ\後期授業\cl23\visualstdio\hewproject\project1\pixelshader.h
c:\users\ryoum\onedrive\デスクトップ\hal\at12_2年生フォルダ\後期授業\cl23\visualstdio\hewproject\x64\release\pixelshader.cso
c:\users\ryoum\onedrive\デスクトップ\hal\at12_2年生フォルダ\後期授業\cl23\visualstdio\hewproject\project1\vertexshader.h
c:\users\ryoum\onedrive\デスクトップ\hal\at12_2年生フォルダ\後期授業\cl23\visualstdio\hewproject\x64\release\vertexshader.cso
c:\users\ryoum\onedrive\デスクトップ\hal\at12_2年生フォルダ\後期授業\cl23\visualstdio\hewproject\x64\release\project1.exe
c:\users\ryoum\onedrive\デスクトップ\hal\at12_2年生フォルダ\後期授業\cl23\visualstdio\hewproject\x64\release\project1.pdb
c:\users\ryoum\onedrive\デスクトップ\hal\at12_2年生フォルダ\後期授業\cl23\visualstdio\hewproject\project1\x64\release\project1.iobj
c:\users\ryoum\onedrive\デスクトップ\hal\at12_2年生フォルダ\後期授業\cl23\visualstdio\hewproject\project1\x64\release\project1.ipdb
c:\users\ryoum\onedrive\デスクトップ\hal\at12_2年生フォルダ\後期授業\cl23\visualstdio\hewproject\project1\x64\release\project1.tlog\cl.command.1.tlog
c:\users\ryoum\onedrive\デスクトップ\hal\at12_2年生フォルダ\後期授業\cl23\visualstdio\hewproject\project1\x64\release\project1.tlog\cl.read.1.tlog
c:\users\ryoum\onedrive\デスクトップ\hal\at12_2年生フォルダ\後期授業\cl23\visualstdio\hewproject\project1\x64\release\project1.tlog\cl.write.1.tlog
c:\users\ryoum\onedrive\デスクトップ\hal\at12_2年生フォルダ\後期授業\cl23\visualstdio\hewproject\project1\x64\release\project1.tlog\fxc.command.1.tlog
c:\users\ryoum\onedrive\デスクトップ\hal\at12_2年生フォルダ\後期授業\cl23\visualstdio\hewproject\project1\x64\release\project1.tlog\fxc.read.1.tlog
c:\users\ryoum\onedrive\デスクトップ\hal\at12_2年生フォルダ\後期授業\cl23\visualstdio\hewproject\project1\x64\release\project1.tlog\fxc.write.1.tlog
c:\users\ryoum\onedrive\デスクトップ\hal\at12_2年生フォルダ\後期授業\cl23\visualstdio\hewproject\project1\x64\release\project1.tlog\link.command.1.tlog
c:\users\ryoum\onedrive\デスクトップ\hal\at12_2年生フォルダ\後期授業\cl23\visualstdio\hewproject\project1\x64\release\project1.tlog\link.read.1.tlog
c:\users\ryoum\onedrive\デスクトップ\hal\at12_2年生フォルダ\後期授業\cl23\visualstdio\hewproject\project1\x64\release\project1.tlog\link.write.1.tlog
